\BOOKMARK [1][-]{section.1}{\376\377\004\033\004\065\004\072\004\106\004\070\004\117\000\040\0001}{}% 1
\BOOKMARK [2][-]{subsection*.1}{\376\377\004\032\004\076\004\074\004\077\004\073\004\065\004\072\004\101\004\070\004\104\004\070\004\072\004\060\004\106\004\070\004\117\000\040\004\070\000\040\004\076\004\062\004\065\004\111\004\065\004\101\004\102\004\062\004\073\004\065\004\075\004\070\004\065\000\040\004\062\004\065\004\072\004\102\004\076\004\100\004\075\004\113\004\105\000\040\004\077\004\100\004\076\004\101\004\102\004\100\004\060\004\075\004\101\004\102\004\062}{section.1}% 2
\BOOKMARK [2][-]{subsection*.2}{\376\377\004\037\004\100\004\076\004\101\004\102\004\100\004\060\004\075\004\101\004\102\004\062\004\076\000\040\000k\000-\004\104\004\076\004\100\004\074}{section.1}% 3
\BOOKMARK [2][-]{subsection*.3}{\376\377\004\037\004\076\004\073\004\076\004\066\004\070\004\102\004\065\004\073\004\114\004\075\004\113\004\065\000\040\004\070\000\040\004\101\004\070\004\073\004\114\004\075\004\076\000\040\004\077\004\076\004\073\004\076\004\066\004\070\004\102\004\065\004\073\004\114\004\075\004\113\004\065\000\040\004\104\004\076\004\100\004\074\004\113}{section.1}% 4
\BOOKMARK [1][-]{section.2}{\376\377\004\033\004\065\004\072\004\106\004\070\004\117\000\040\0002}{}% 5
\BOOKMARK [2][-]{subsection*.4}{\376\377\004\023\004\076\004\073\004\076\004\074\004\076\004\100\004\104\004\075\004\113\004\065\000\040\004\104\004\103\004\075\004\072\004\106\004\070\004\070\000\040\004\074\004\075\004\076\004\063\004\070\004\105\000\040\004\077\004\065\004\100\004\065\004\074\004\065\004\075\004\075\004\113\004\105}{section.2}% 6
\BOOKMARK [2][-]{subsection*.5}{\376\377\004\024\004\070\004\104\004\104\004\065\004\100\004\065\004\075\004\106\004\070\004\060\004\073\000\040\004\064\004\065\000\040\004\040\004\060\004\074\004\060}{section.2}% 7
\BOOKMARK [1][-]{section.3}{\376\377\004\033\004\065\004\072\004\106\004\070\004\117\000\040\0003}{}% 8
\BOOKMARK [2][-]{subsection*.6}{\376\377\004\037\004\076\004\102\004\076\004\072\004\070\000\040\004\070\000\040\004\076\004\061\004\076\004\061\004\111\004\065\004\075\004\075\004\113\004\065\000\040\004\104\004\103\004\075\004\072\004\106\004\070\004\070}{section.3}% 9
\BOOKMARK [2][-]{subsection*.7}{\376\377\004\057\004\064\004\100\004\076\000\040\004\021\004\076\004\105\004\075\004\065\004\100\004\060\000-\004\034\004\060\004\100\004\102\004\070\004\075\004\065\004\073\004\073\004\070}{section.3}% 10
\BOOKMARK [1][-]{section.4}{\376\377\004\033\004\065\004\072\004\106\004\070\004\117\000\040\0004}{}% 11
\BOOKMARK [2][-]{subsection*.8}{\376\377\000d\000-\000b\000a\000r\000-\004\073\004\065\004\074\004\074\004\060\000\040\004\037\004\103\004\060\004\075\004\072\004\060\004\100\004\065}{section.4}% 12
\BOOKMARK [1][-]{section.5}{\376\377\004\033\004\065\004\072\004\106\004\070\004\117\000\040\0005}{}% 13
\BOOKMARK [2][-]{subsection*.9}{\376\377\004\033\004\076\004\072\004\060\004\073\004\114\004\075\004\076\004\065\000\040\004\077\004\076\004\062\004\065\004\064\004\065\004\075\004\070\004\065\000\040\004\063\004\076\004\073\004\076\004\074\004\076\004\100\004\104\004\075\004\113\004\105\000\040\004\104\004\103\004\075\004\072\004\106\004\070\004\071}{section.5}% 14
\BOOKMARK [1][-]{section.6}{\376\377\004\033\004\065\004\072\004\106\004\070\004\117\000\040\0006}{}% 15
\BOOKMARK [2][-]{subsection*.10}{\376\377\004\037\004\076\004\107\004\102\004\070\000\040\004\072\004\076\004\074\004\077\004\073\004\065\004\072\004\101\004\075\004\076\004\065\000\040\004\074\004\075\004\076\004\063\004\076\004\076\004\061\004\100\004\060\004\067\004\070\004\065}{section.6}% 16
\BOOKMARK [2][-]{subsection*.11}{\376\377\004\041\004\062\004\076\004\071\004\101\004\102\004\062\004\060\000\040\004\072\004\076\004\074\004\077\004\073\004\065\004\072\004\101\004\075\004\113\004\105\000\040\004\074\004\075\004\076\004\063\004\076\004\076\004\061\004\100\004\060\004\067\004\070\004\071}{section.6}% 17
\BOOKMARK [1][-]{section.7}{\376\377\004\033\004\065\004\072\004\106\004\070\004\117\000\040\0007}{}% 18
\BOOKMARK [2][-]{subsection*.12}{\376\377\004\032\004\060\004\075\004\076\004\075\004\070\004\107\004\065\004\101\004\072\004\070\004\065\000\040\004\070\000\040\004\072\004\060\004\101\004\060\004\102\004\065\004\073\004\114\004\075\004\113\004\065\000\040\004\100\004\060\004\101\004\101\004\073\004\076\004\065\004\075\004\070\004\117}{section.7}% 19
\BOOKMARK [2][-]{subsection*.13}{\376\377\004\037\004\076\004\064\004\074\004\075\004\076\004\063\004\076\004\076\004\061\004\100\004\060\004\067\004\070\004\117}{section.7}% 20
\BOOKMARK [2][-]{subsection*.14}{\376\377\004\032\004\060\004\101\004\060\004\102\004\065\004\073\004\114\004\075\004\113\004\065\000\040\004\070\000\040\004\075\004\076\004\100\004\074\004\060\004\073\004\114\004\075\004\113\004\065\000\040\004\100\004\060\004\101\004\101\004\073\004\076\004\065\004\075\004\070\004\117\000\040\004\072\000\040\004\077\004\076\004\064\004\074\004\075\004\076\004\063\004\076\004\076\004\061\004\100\004\060\004\067\004\070\004\117\004\074}{section.7}% 21
\BOOKMARK [1][-]{section.8}{\376\377\004\033\004\065\004\072\004\106\004\070\004\117\000\040\0008}{}% 22
\BOOKMARK [1][-]{section.9}{\376\377\004\033\004\065\004\072\004\106\004\070\004\117\000\040\0009}{}% 23
\BOOKMARK [2][-]{subsection*.15}{\376\377\004\037\004\103\004\107\004\072\004\070}{section.9}% 24
\BOOKMARK [2][-]{subsection*.16}{\376\377\004\032\004\076\004\063\004\076\004\074\004\076\004\073\004\076\004\063\004\070\004\070}{section.9}% 25
\BOOKMARK [1][-]{section.10}{\376\377\004\033\004\065\004\072\004\106\004\070\004\117\000\040\0001\0000}{}% 26
\BOOKMARK [2][-]{subsection*.17}{\376\377\004\042\004\065\004\076\004\100\004\065\004\074\004\060\000\040\004\024\004\076\004\073\004\114\004\061\004\076}{section.10}% 27
\BOOKMARK [2][-]{subsection*.18}{\376\377\004\024\004\070\004\062\004\070\004\067\004\076\004\100\004\113}{section.10}% 28
\BOOKMARK [1][-]{section.11}{\376\377\004\033\004\065\004\072\004\106\004\070\004\117\000\040\0001\0001}{}% 29
\BOOKMARK [2][-]{subsection*.19}{\376\377\004\034\004\065\004\102\004\100\004\070\004\072\004\070\000,\000\040\004\101\004\062\004\117\004\067\004\075\004\076\004\101\004\102\004\070\000\040\004\070\000\040\004\072\004\100\004\070\004\062\004\070\004\067\004\075\004\060}{section.11}% 30
\BOOKMARK [1][-]{section.12}{\376\377\004\033\004\065\004\072\004\106\004\070\004\117\000\040\0001\0002}{}% 31
\BOOKMARK [1][-]{section.13}{\376\377\004\033\004\065\004\072\004\106\004\070\004\117\000\040\0001\0003}{}% 32
\BOOKMARK [2][-]{subsection*.20}{\376\377\004\032\004\073\004\060\004\101\004\101\004\113\000\040\004\047\004\065\004\100\004\075\004\060}{section.13}% 33
\BOOKMARK [1][-]{section.14}{\376\377\004\033\004\065\004\072\004\106\004\070\004\117\000\040\0001\0004}{}% 34
\BOOKMARK [2][-]{subsection*.21}{\376\377\004\032\004\115\004\073\004\073\004\065\004\100\004\076\004\062\004\113\000\040\004\074\004\075\004\076\004\063\004\076\004\076\004\061\004\100\004\060\004\067\004\070\004\117}{section.14}% 35
\BOOKMARK [1][-]{section.15}{\376\377\004\033\004\065\004\072\004\106\004\070\004\117\000\040\0001\0005}{}% 36
\BOOKMARK [2][-]{subsection*.22}{\376\377\004\023\004\076\004\073\004\076\004\074\004\076\004\100\004\104\004\075\004\060\004\117\000\040\004\061\004\070\004\101\004\065\004\072\004\106\004\070\004\076\004\075\004\075\004\060\004\117\000\040\004\072\004\100\004\070\004\062\004\070\004\067\004\075\004\060}{section.15}% 37
\BOOKMARK [2][-]{subsection*.23}{\376\377\004\033\004\060\004\077\004\073\004\060\004\101\004\070\004\060\004\075}{section.15}% 38
\BOOKMARK [2][-]{subsection*.24}{\376\377\004\040\004\060\004\101\004\101\004\073\004\076\004\065\004\075\004\070\004\065\000\040\000\050\000p\000,\000q\000\051\000-\004\104\004\076\004\100\004\074}{section.15}% 39
\BOOKMARK [1][-]{section.16}{\376\377\004\033\004\065\004\072\004\106\004\070\004\117\000\040\0001\0006}{}% 40
\BOOKMARK [2][-]{subsection*.25}{\376\377\004\037\004\100\004\076\004\101\004\102\004\100\004\060\004\075\004\101\004\102\004\062\004\060\000\040\004\041\004\076\004\061\004\076\004\073\004\065\004\062\004\060}{section.16}% 41
\BOOKMARK [1][-]{section.17}{\376\377\004\033\004\065\004\072\004\106\004\070\004\117\000\040\0001\0007}{}% 42
\BOOKMARK [1][-]{section.18}{\376\377\004\033\004\065\004\072\004\106\004\070\004\117\000\040\0001\0008}{}% 43
\BOOKMARK [1][-]{section*.26}{\376\377\004\043\004\072\004\060\004\067\004\060\004\102\004\065\004\073\004\114\000\040\004\102\004\065\004\100\004\074\004\070\004\075\004\076\004\062}{}% 44
